1:package ch18;
2:
3:import java.io.*;
4:
5:/**
6: * @author: yuki
7: * @date: 2018/10/9
8: */
9:public class BasicFileOutput {
10:
11:    static String file = "src/main/resources/BasicFileOutput.out";
12:
13:    public static void main(String[] args) throws IOException {
14:        BufferedReader in = new BufferedReader(
15:                new StringReader(
16:                        BufferedInputFile.read("src/main/java/ch18/BasicFileOutput.java")
17:                )
18:        );
19:        PrintWriter out = new PrintWriter(
20:                new BufferedWriter(new FileWriter(file))
21:        );
22:
23:        int lineCount = 1;
24:        String s;
25:        while((s=in.readLine()) != null){
26:            out.println(lineCount++ + ":" + s);
27:        }
28:        in.close();
29:        out.close();
30:        System.out.println(BufferedInputFile.read(file));
31:
32:    }
33:
34:}
